<?xml version="1.0" encoding="UTF-8"?>
<!-- Generated by org.testng.reporters.JUnitXMLReporter -->
<testsuite ignored="0" hostname="DESKTOP-3S6KHGQ" failures="0" tests="3" name="Default test" time="26.245" errors="0" timestamp="2025-11-23T13:54:35 IST">
  <testcase classname="com.reksise.tests.VesselDetailsTest" name="verifyVesselDetailsModal" time="4.312"/>
  <testcase classname="com.reksise.tests.VesselDisplayTest" name="verifyAllVesselsDisplayed" time="4.266"/>
  <testcase classname="com.reksise.tests.ReturnToBaseTest" name="verifyReturnToBaseAPI" time="6.896"/>
</testsuite> <!-- Default test -->
