<?xml version="1.0" encoding="UTF-8"?>
<!-- Generated by org.testng.reporters.JUnitXMLReporter -->
<testsuite ignored="0" hostname="DESKTOP-3S6KHGQ" failures="3" tests="3" name="RekiseTests" time="10.537" errors="0" timestamp="2025-11-22T21:52:43 IST">
  <testcase classname="com.reksise.tests.VesselDisplayTest" name="verifyAllVesselsDisplayed" time="0.362">
    <failure type="java.lang.AssertionError" message="No vessels displayed on the dashboard expected [true] but found [false]">
      <![CDATA[java.lang.AssertionError: No vessels displayed on the dashboard expected [true] but found [false]
at com.reksise.tests.VesselDisplayTest.verifyAllVesselsDisplayed(VesselDisplayTest.java:19)
at java.base/java.util.ArrayList.forEach(ArrayList.java:1596)
... Removed 28 stack frames]]>
    </failure>
  </testcase> <!-- verifyAllVesselsDisplayed -->
  <testcase classname="com.reksise.tests.VesselDetailsTest" name="verifyVesselDetailsModal" time="0.32">
    <failure type="java.lang.IndexOutOfBoundsException" message="Index 0 out of bounds for length 0">
      <![CDATA[java.lang.IndexOutOfBoundsException: Index 0 out of bounds for length 0
at java.base/jdk.internal.util.Preconditions.outOfBounds(Preconditions.java:100)
at java.base/jdk.internal.util.Preconditions.outOfBoundsCheckIndex(Preconditions.java:106)
at java.base/jdk.internal.util.Preconditions.checkIndex(Preconditions.java:302)
at java.base/java.util.Objects.checkIndex(Objects.java:385)
at java.base/java.util.ArrayList.get(ArrayList.java:427)
at com.reksise.pages.DashboardPage.clickFirstVessel(DashboardPage.java:21)
at com.reksise.tests.VesselDetailsTest.verifyVesselDetailsModal(VesselDetailsTest.java:17)
at java.base/java.util.ArrayList.forEach(ArrayList.java:1596)
... Removed 25 stack frames]]>
    </failure>
  </testcase> <!-- verifyVesselDetailsModal -->
  <testcase classname="com.reksise.tests.ReturnToBaseTest" name="verifyReturnToBaseAPI" time="0.284">
    <failure type="java.lang.IndexOutOfBoundsException" message="Index 0 out of bounds for length 0">
      <![CDATA[java.lang.IndexOutOfBoundsException: Index 0 out of bounds for length 0
at java.base/jdk.internal.util.Preconditions.outOfBounds(Preconditions.java:100)
at java.base/jdk.internal.util.Preconditions.outOfBoundsCheckIndex(Preconditions.java:106)
at java.base/jdk.internal.util.Preconditions.checkIndex(Preconditions.java:302)
at java.base/java.util.Objects.checkIndex(Objects.java:385)
at java.base/java.util.ArrayList.get(ArrayList.java:427)
at com.reksise.pages.DashboardPage.clickFirstVessel(DashboardPage.java:21)
at com.reksise.tests.ReturnToBaseTest.verifyReturnToBaseAPI(ReturnToBaseTest.java:18)
at java.base/java.util.ArrayList.forEach(ArrayList.java:1596)
... Removed 25 stack frames]]>
    </failure>
  </testcase> <!-- verifyReturnToBaseAPI -->
</testsuite> <!-- RekiseTests -->
